
Serving /home/shuai/docs now.
Listening at http://localhost:2333


Serving /home/shuai/docs now.
Listening at http://localhost:13385


Serving /home/shuai/docs now.
Listening at http://localhost:3000

node:internal/errors:496
    ErrorCaptureStackTrace(err);
    ^

Error: ENOSPC: System limit for number of file watchers reached, watch '/home/shuai/docs/node_modules/read-pkg/package.json'
    at FSWatcher.<computed> (node:internal/fs/watchers:247:19)
    at Object.watch (node:fs:2418:34)
    at createFsWatchInstance (/usr/lib/node_modules/docsify-cli/node_modules/chokidar/lib/nodefs-handler.js:119:15)
    at setFsWatchListener (/usr/lib/node_modules/docsify-cli/node_modules/chokidar/lib/nodefs-handler.js:166:15)
    at NodeFsHandler._watchWithNodeFs (/usr/lib/node_modules/docsify-cli/node_modules/chokidar/lib/nodefs-handler.js:331:14)
    at NodeFsHandler._handleFile (/usr/lib/node_modules/docsify-cli/node_modules/chokidar/lib/nodefs-handler.js:395:23)
    at NodeFsHandler._addToNodeFs (/usr/lib/node_modules/docsify-cli/node_modules/chokidar/lib/nodefs-handler.js:637:21)
Emitted 'error' event on FSWatcher instance at:
    at FSWatcher._handleError (/usr/lib/node_modules/docsify-cli/node_modules/chokidar/index.js:647:10)
    at NodeFsHandler._addToNodeFs (/usr/lib/node_modules/docsify-cli/node_modules/chokidar/lib/nodefs-handler.js:645:18) {
  errno: -28,
  syscall: 'watch',
  code: 'ENOSPC',
  path: '/home/shuai/docs/node_modules/read-pkg/package.json',
  filename: '/home/shuai/docs/node_modules/read-pkg/package.json'
}

Node.js v18.19.1
node:internal/errors:496
    ErrorCaptureStackTrace(err);
    ^

Error: ENOSPC: System limit for number of file watchers reached, watch '/home/shuai/docs/node_modules/d3-transition/src'
    at FSWatcher.<computed> (node:internal/fs/watchers:247:19)
    at Object.watch (node:fs:2418:34)
    at createFsWatchInstance (/usr/lib/node_modules/docsify-cli/node_modules/chokidar/lib/nodefs-handler.js:119:15)
    at setFsWatchListener (/usr/lib/node_modules/docsify-cli/node_modules/chokidar/lib/nodefs-handler.js:166:15)
    at NodeFsHandler._watchWithNodeFs (/usr/lib/node_modules/docsify-cli/node_modules/chokidar/lib/nodefs-handler.js:331:14)
    at NodeFsHandler._handleDir (/usr/lib/node_modules/docsify-cli/node_modules/chokidar/lib/nodefs-handler.js:567:19)
    at process.processTicksAndRejections (node:internal/process/task_queues:95:5)
    at async NodeFsHandler._addToNodeFs (/usr/lib/node_modules/docsify-cli/node_modules/chokidar/lib/nodefs-handler.js:617:16)
Emitted 'error' event on FSWatcher instance at:
    at FSWatcher._handleError (/usr/lib/node_modules/docsify-cli/node_modules/chokidar/index.js:647:10)
    at NodeFsHandler._addToNodeFs (/usr/lib/node_modules/docsify-cli/node_modules/chokidar/lib/nodefs-handler.js:645:18)
    at process.processTicksAndRejections (node:internal/process/task_queues:95:5) {
  errno: -28,
  syscall: 'watch',
  code: 'ENOSPC',
  path: '/home/shuai/docs/node_modules/d3-transition/src',
  filename: '/home/shuai/docs/node_modules/d3-transition/src'
}

Node.js v18.19.1
The "paths[0]" argument must be of type string. Received type number (6000)

Serving /home/shuai/docs now.
Listening at http://localhost:4000


Serving /home/shuai/docs now.
Listening at http://localhost:13339

node:internal/errors:496
    ErrorCaptureStackTrace(err);
    ^

Error: ENOSPC: System limit for number of file watchers reached, watch '/home/shuai/docs/node_modules/medium-zoom/README.md'
    at FSWatcher.<computed> (node:internal/fs/watchers:247:19)
    at Object.watch (node:fs:2418:34)
    at createFsWatchInstance (/usr/lib/node_modules/docsify-cli/node_modules/chokidar/lib/nodefs-handler.js:119:15)
    at setFsWatchListener (/usr/lib/node_modules/docsify-cli/node_modules/chokidar/lib/nodefs-handler.js:166:15)
    at NodeFsHandler._watchWithNodeFs (/usr/lib/node_modules/docsify-cli/node_modules/chokidar/lib/nodefs-handler.js:331:14)
    at NodeFsHandler._handleFile (/usr/lib/node_modules/docsify-cli/node_modules/chokidar/lib/nodefs-handler.js:395:23)
    at NodeFsHandler._addToNodeFs (/usr/lib/node_modules/docsify-cli/node_modules/chokidar/lib/nodefs-handler.js:637:21)
Emitted 'error' event on FSWatcher instance at:
    at FSWatcher._handleError (/usr/lib/node_modules/docsify-cli/node_modules/chokidar/index.js:647:10)
    at NodeFsHandler._addToNodeFs (/usr/lib/node_modules/docsify-cli/node_modules/chokidar/lib/nodefs-handler.js:645:18) {
  errno: -28,
  syscall: 'watch',
  code: 'ENOSPC',
  path: '/home/shuai/docs/node_modules/medium-zoom/README.md',
  filename: '/home/shuai/docs/node_modules/medium-zoom/README.md'
}

Node.js v18.19.1

Serving /home/shuai/docs now.
Listening at http://localhost:3000


Serving /home/shuai/docs now.
Listening at http://localhost:3000


Serving /home/shuai/docs now.
Listening at http://localhost:3000

TypeError: Cannot read property 'split' of undefined
    at livereload (/usr/lib/node_modules/docsify-cli/node_modules/connect-livereload/index.js:95:41)
    at call (/usr/lib/node_modules/docsify-cli/node_modules/connect/index.js:239:7)
    at next (/usr/lib/node_modules/docsify-cli/node_modules/connect/index.js:183:5)
    at Function.handle (/usr/lib/node_modules/docsify-cli/node_modules/connect/index.js:186:3)
    at Server.app (/usr/lib/node_modules/docsify-cli/node_modules/connect/index.js:51:37)
    at Server.emit (node:events:369:20)
    at parserOnIncoming (node:_http_server:936:12)
    at HTTPParser.parserOnHeadersComplete (node:_http_common:129:17)
TypeError: Cannot read property 'split' of undefined
    at livereload (/usr/lib/node_modules/docsify-cli/node_modules/connect-livereload/index.js:95:41)
    at call (/usr/lib/node_modules/docsify-cli/node_modules/connect/index.js:239:7)
    at next (/usr/lib/node_modules/docsify-cli/node_modules/connect/index.js:183:5)
    at Function.handle (/usr/lib/node_modules/docsify-cli/node_modules/connect/index.js:186:3)
    at Server.app (/usr/lib/node_modules/docsify-cli/node_modules/connect/index.js:51:37)
    at Server.emit (node:events:369:20)
    at parserOnIncoming (node:_http_server:936:12)
    at HTTPParser.parserOnHeadersComplete (node:_http_common:129:17)
TypeError: Cannot read property 'split' of undefined
    at livereload (/usr/lib/node_modules/docsify-cli/node_modules/connect-livereload/index.js:95:41)
    at call (/usr/lib/node_modules/docsify-cli/node_modules/connect/index.js:239:7)
    at next (/usr/lib/node_modules/docsify-cli/node_modules/connect/index.js:183:5)
    at Function.handle (/usr/lib/node_modules/docsify-cli/node_modules/connect/index.js:186:3)
    at Server.app (/usr/lib/node_modules/docsify-cli/node_modules/connect/index.js:51:37)
    at Server.emit (node:events:369:20)
    at parserOnIncoming (node:_http_server:936:12)
    at HTTPParser.parserOnHeadersComplete (node:_http_common:129:17)
TypeError: Cannot read property 'split' of undefined
    at livereload (/usr/lib/node_modules/docsify-cli/node_modules/connect-livereload/index.js:95:41)
    at call (/usr/lib/node_modules/docsify-cli/node_modules/connect/index.js:239:7)
    at next (/usr/lib/node_modules/docsify-cli/node_modules/connect/index.js:183:5)
    at Function.handle (/usr/lib/node_modules/docsify-cli/node_modules/connect/index.js:186:3)
    at Server.app (/usr/lib/node_modules/docsify-cli/node_modules/connect/index.js:51:37)
    at Server.emit (node:events:369:20)
    at parserOnIncoming (node:_http_server:936:12)
    at HTTPParser.parserOnHeadersComplete (node:_http_common:129:17)
TypeError: Cannot read property 'split' of undefined
    at livereload (/usr/lib/node_modules/docsify-cli/node_modules/connect-livereload/index.js:95:41)
    at call (/usr/lib/node_modules/docsify-cli/node_modules/connect/index.js:239:7)
    at next (/usr/lib/node_modules/docsify-cli/node_modules/connect/index.js:183:5)
    at Function.handle (/usr/lib/node_modules/docsify-cli/node_modules/connect/index.js:186:3)
    at Server.app (/usr/lib/node_modules/docsify-cli/node_modules/connect/index.js:51:37)
    at Server.emit (node:events:369:20)
    at parserOnIncoming (node:_http_server:936:12)
    at HTTPParser.parserOnHeadersComplete (node:_http_common:129:17)
TypeError: Cannot read property 'split' of undefined
    at livereload (/usr/lib/node_modules/docsify-cli/node_modules/connect-livereload/index.js:95:41)
    at call (/usr/lib/node_modules/docsify-cli/node_modules/connect/index.js:239:7)
    at next (/usr/lib/node_modules/docsify-cli/node_modules/connect/index.js:183:5)
    at Function.handle (/usr/lib/node_modules/docsify-cli/node_modules/connect/index.js:186:3)
    at Server.app (/usr/lib/node_modules/docsify-cli/node_modules/connect/index.js:51:37)
    at Server.emit (node:events:369:20)
    at parserOnIncoming (node:_http_server:936:12)
    at HTTPParser.parserOnHeadersComplete (node:_http_common:129:17)
TypeError: Cannot read property 'split' of undefined
    at livereload (/usr/lib/node_modules/docsify-cli/node_modules/connect-livereload/index.js:95:41)
    at call (/usr/lib/node_modules/docsify-cli/node_modules/connect/index.js:239:7)
    at next (/usr/lib/node_modules/docsify-cli/node_modules/connect/index.js:183:5)
    at Function.handle (/usr/lib/node_modules/docsify-cli/node_modules/connect/index.js:186:3)
    at Server.app (/usr/lib/node_modules/docsify-cli/node_modules/connect/index.js:51:37)
    at Server.emit (node:events:369:20)
    at parserOnIncoming (node:_http_server:936:12)
    at HTTPParser.parserOnHeadersComplete (node:_http_common:129:17)
TypeError: Cannot read property 'split' of undefined
    at livereload (/usr/lib/node_modules/docsify-cli/node_modules/connect-livereload/index.js:95:41)
    at call (/usr/lib/node_modules/docsify-cli/node_modules/connect/index.js:239:7)
    at next (/usr/lib/node_modules/docsify-cli/node_modules/connect/index.js:183:5)
    at Function.handle (/usr/lib/node_modules/docsify-cli/node_modules/connect/index.js:186:3)
    at Server.app (/usr/lib/node_modules/docsify-cli/node_modules/connect/index.js:51:37)
    at Server.emit (node:events:369:20)
    at parserOnIncoming (node:_http_server:936:12)
    at HTTPParser.parserOnHeadersComplete (node:_http_common:129:17)
TypeError: Cannot read property 'split' of undefined
    at livereload (/usr/lib/node_modules/docsify-cli/node_modules/connect-livereload/index.js:95:41)
    at call (/usr/lib/node_modules/docsify-cli/node_modules/connect/index.js:239:7)
    at next (/usr/lib/node_modules/docsify-cli/node_modules/connect/index.js:183:5)
    at Function.handle (/usr/lib/node_modules/docsify-cli/node_modules/connect/index.js:186:3)
    at Server.app (/usr/lib/node_modules/docsify-cli/node_modules/connect/index.js:51:37)
    at Server.emit (node:events:369:20)
    at parserOnIncoming (node:_http_server:936:12)
    at HTTPParser.parserOnHeadersComplete (node:_http_common:129:17)
TypeError: Cannot read property 'split' of undefined
    at livereload (/usr/lib/node_modules/docsify-cli/node_modules/connect-livereload/index.js:95:41)
    at call (/usr/lib/node_modules/docsify-cli/node_modules/connect/index.js:239:7)
    at next (/usr/lib/node_modules/docsify-cli/node_modules/connect/index.js:183:5)
    at Function.handle (/usr/lib/node_modules/docsify-cli/node_modules/connect/index.js:186:3)
    at Server.app (/usr/lib/node_modules/docsify-cli/node_modules/connect/index.js:51:37)
    at Server.emit (node:events:369:20)
    at parserOnIncoming (node:_http_server:936:12)
    at HTTPParser.parserOnHeadersComplete (node:_http_common:129:17)
TypeError: Cannot read property 'split' of undefined
    at livereload (/usr/lib/node_modules/docsify-cli/node_modules/connect-livereload/index.js:95:41)
    at call (/usr/lib/node_modules/docsify-cli/node_modules/connect/index.js:239:7)
    at next (/usr/lib/node_modules/docsify-cli/node_modules/connect/index.js:183:5)
    at Function.handle (/usr/lib/node_modules/docsify-cli/node_modules/connect/index.js:186:3)
    at Server.app (/usr/lib/node_modules/docsify-cli/node_modules/connect/index.js:51:37)
    at Server.emit (node:events:369:20)
    at parserOnIncoming (node:_http_server:936:12)
    at HTTPParser.parserOnHeadersComplete (node:_http_common:129:17)
